# JRE version: Java(TM) SE Runtime Environment (8.0_112-b15) (build 1.8.0_112-b15)
# Java VM: Java HotSpot(TM) 64-Bit Server VM (25.112-b15 mixed mode windows-amd64 compressed oops)
Heap:
 PSYoungGen      total 40960K, used 13600K [0x00000007bc400000, 0x00000007c0000000, 0x00000007c0000000)
  eden space 20480K, 56% used [0x00000007bc400000,0x00000007bcf34098,0x00000007bd800000)
  from space 20480K, 10% used [0x00000007bec00000,0x00000007bee14248,0x00000007c0000000)
  to   space 20480K, 0% used [0x00000007bd800000,0x00000007bd800000,0x00000007bec00000)
 ParOldGen       total 149504K, used 123134K [0x0000000700000000, 0x0000000709200000, 0x00000007bc400000)
  object space 149504K, 82% used [0x0000000700000000,0x000000070783fab0,0x0000000709200000)
 Metaspace       used 74466K, capacity 75239K, committed 75904K, reserved 1114112K
  class space    used 11220K, capacity 11365K, committed 11392K, reserved 1048576K
GC Heap History (10 events):
Event: 462.347 GC heap before
{Heap before GC invocations=141 (full 7):
 PSYoungGen      total 40960K, used 22817K [0x00000007bc400000, 0x00000007c0000000, 0x00000007c0000000)
  eden space 20480K, 100% used [0x00000007bc400000,0x00000007bd800000,0x00000007bd800000)
  from space 20480K, 11% used [0x00000007bd800000,0x00000007bda484f8,0x00000007bec00000)
  to   space 20480K, 0% used [0x00000007bec00000,0x00000007bec00000,0x00000007c0000000)
 ParOldGen       total 149504K, used 120326K [0x0000000700000000, 0x0000000709200000, 0x00000007bc400000)
  object space 149504K, 80% used [0x0000000700000000,0x0000000707581ba8,0x0000000709200000)
 Metaspace       used 74439K, capacity 75175K, committed 75648K, reserved 1114112K
  class space    used 11220K, capacity 11365K, committed 11392K, reserved 1048576K
Event: 462.352 GC heap after
Heap after GC invocations=141 (full 7):
 PSYoungGen      total 40960K, used 224K [0x00000007bc400000, 0x00000007c0000000, 0x00000007c0000000)
  eden space 20480K, 0% used [0x00000007bc400000,0x00000007bc400000,0x00000007bd800000)
  from space 20480K, 1% used [0x00000007bec00000,0x00000007bec38000,0x00000007c0000000)
  to   space 20480K, 0% used [0x00000007bd800000,0x00000007bd800000,0x00000007bec00000)
 ParOldGen       total 149504K, used 122296K [0x0000000700000000, 0x0000000709200000, 0x00000007bc400000)
  object space 149504K, 81% used [0x0000000700000000,0x000000070776e328,0x0000000709200000)
 Metaspace       used 74439K, capacity 75175K, committed 75648K, reserved 1114112K
  class space    used 11220K, capacity 11365K, committed 11392K, reserved 1048576K
}
Event: 464.513 GC heap before
{Heap before GC invocations=142 (full 7):
 PSYoungGen      total 40960K, used 20704K [0x00000007bc400000, 0x00000007c0000000, 0x00000007c0000000)
  eden space 20480K, 100% used [0x00000007bc400000,0x00000007bd800000,0x00000007bd800000)
  from space 20480K, 1% used [0x00000007bec00000,0x00000007bec38000,0x00000007c0000000)
  to   space 20480K, 0% used [0x00000007bd800000,0x00000007bd800000,0x00000007bec00000)
 ParOldGen       total 149504K, used 122296K [0x0000000700000000, 0x0000000709200000, 0x00000007bc400000)
  object space 149504K, 81% used [0x0000000700000000,0x000000070776e328,0x0000000709200000)
 Metaspace       used 74441K, capacity 75239K, committed 75904K, reserved 1114112K
  class space    used 11220K, capacity 11365K, committed 11392K, reserved 1048576K
Event: 464.519 GC heap after
Heap after GC invocations=142 (full 7):
 PSYoungGen      total 40960K, used 544K [0x00000007bc400000, 0x00000007c0000000, 0x00000007c0000000)
  eden space 20480K, 0% used [0x00000007bc400000,0x00000007bc400000,0x00000007bd800000)
  from space 20480K, 2% used [0x00000007bd800000,0x00000007bd888000,0x00000007bec00000)
  to   space 20480K, 0% used [0x00000007bec00000,0x00000007bec00000,0x00000007c0000000)
 ParOldGen       total 149504K, used 122336K [0x0000000700000000, 0x0000000709200000, 0x00000007bc400000)
  object space 149504K, 81% used [0x0000000700000000,0x0000000707778328,0x0000000709200000)
 Metaspace       used 74441K, capacity 75239K, committed 75904K, reserved 1114112K
  class space    used 11220K, capacity 11365K, committed 11392K, reserved 1048576K
}
Event: 466.775 GC heap before
{Heap before GC invocations=143 (full 7):
 PSYoungGen      total 40960K, used 21024K [0x00000007bc400000, 0x00000007c0000000, 0x00000007c0000000)
  eden space 20480K, 100% used [0x00000007bc400000,0x00000007bd800000,0x00000007bd800000)
  from space 20480K, 2% used [0x00000007bd800000,0x00000007bd888000,0x00000007bec00000)
  to   space 20480K, 0% used [0x00000007bec00000,0x00000007bec00000,0x00000007c0000000)
 ParOldGen       total 149504K, used 122336K [0x0000000700000000, 0x0000000709200000, 0x00000007bc400000)
  object space 149504K, 81% used [0x0000000700000000,0x0000000707778328,0x0000000709200000)
 Metaspace       used 74445K, capacity 75239K, committed 75904K, reserved 1114112K
  class space    used 11220K, capacity 11365K, committed 11392K, reserved 1048576K
Event: 466.781 GC heap after
Heap after GC invocations=143 (full 7):
 PSYoungGen      total 40960K, used 256K [0x00000007bc400000, 0x00000007c0000000, 0x00000007c0000000)
  eden space 20480K, 0% used [0x00000007bc400000,0x00000007bc400000,0x00000007bd800000)
  from space 20480K, 1% used [0x00000007bec00000,0x00000007bec40000,0x00000007c0000000)
  to   space 20480K, 0% used [0x00000007bd800000,0x00000007bd800000,0x00000007bec00000)
 ParOldGen       total 149504K, used 122624K [0x0000000700000000, 0x0000000709200000, 0x00000007bc400000)
  object space 149504K, 82% used [0x0000000700000000,0x00000007077c0358,0x0000000709200000)
 Metaspace       used 74445K, capacity 75239K, committed 75904K, reserved 1114112K
  class space    used 11220K, capacity 11365K, committed 11392K, reserved 1048576K
}
Event: 467.839 GC heap before
{Heap before GC invocations=144 (full 7):
 PSYoungGen      total 40960K, used 20736K [0x00000007bc400000, 0x00000007c0000000, 0x00000007c0000000)
  eden space 20480K, 100% used [0x00000007bc400000,0x00000007bd800000,0x00000007bd800000)
  from space 20480K, 1% used [0x00000007bec00000,0x00000007bec40000,0x00000007c0000000)
  to   space 20480K, 0% used [0x00000007bd800000,0x00000007bd800000,0x00000007bec00000)
 ParOldGen       total 149504K, used 122624K [0x0000000700000000, 0x0000000709200000, 0x00000007bc400000)
  object space 149504K, 82% used [0x0000000700000000,0x00000007077c0358,0x0000000709200000)
 Metaspace       used 74452K, capacity 75239K, committed 75904K, reserved 1114112K
  class space    used 11220K, capacity 11365K, committed 11392K, reserved 1048576K
Event: 467.843 GC heap after
Heap after GC invocations=144 (full 7):
 PSYoungGen      total 40960K, used 672K [0x00000007bc400000, 0x00000007c0000000, 0x00000007c0000000)
  eden space 20480K, 0% used [0x00000007bc400000,0x00000007bc400000,0x00000007bd800000)
  from space 20480K, 3% used [0x00000007bd800000,0x00000007bd8a8000,0x00000007bec00000)
  to   space 20480K, 0% used [0x00000007bec00000,0x00000007bec00000,0x00000007c0000000)
 ParOldGen       total 149504K, used 122664K [0x0000000700000000, 0x0000000709200000, 0x00000007bc400000)
  object space 149504K, 82% used [0x0000000700000000,0x00000007077ca358,0x0000000709200000)
 Metaspace       used 74452K, capacity 75239K, committed 75904K, reserved 1114112K
  class space    used 11220K, capacity 11365K, committed 11392K, reserved 1048576K
}
Event: 468.146 GC heap before
{Heap before GC invocations=145 (full 7):
 PSYoungGen      total 40960K, used 21152K [0x00000007bc400000, 0x00000007c0000000, 0x00000007c0000000)
  eden space 20480K, 100% used [0x00000007bc400000,0x00000007bd800000,0x00000007bd800000)
  from space 20480K, 3% used [0x00000007bd800000,0x00000007bd8a8000,0x00000007bec00000)
  to   space 20480K, 0% used [0x00000007bec00000,0x00000007bec00000,0x00000007c0000000)
 ParOldGen       total 149504K, used 122664K [0x0000000700000000, 0x0000000709200000, 0x00000007bc400000)
  object space 149504K, 82% used [0x0000000700000000,0x00000007077ca358,0x0000000709200000)
 Metaspace       used 74460K, capacity 75239K, committed 75904K, reserved 1114112K
  class space    used 11220K, capacity 11365K, committed 11392K, reserved 1048576K
Event: 468.151 GC heap after
Heap after GC invocations=145 (full 7):
 PSYoungGen      total 40960K, used 2128K [0x00000007bc400000, 0x00000007c0000000, 0x00000007c0000000)
  eden space 20480K, 0% used [0x00000007bc400000,0x00000007bc400000,0x00000007bd800000)
  from space 20480K, 10% used [0x00000007bec00000,0x00000007bee14248,0x00000007c0000000)
  to   space 20480K, 0% used [0x00000007bd800000,0x00000007bd800000,0x00000007bec00000)
 ParOldGen       total 149504K, used 123134K [0x0000000700000000, 0x0000000709200000, 0x00000007bc400000)
  object space 149504K, 82% used [0x0000000700000000,0x000000070783fab0,0x0000000709200000)
 Metaspace       used 74460K, capacity 75239K, committed 75904K, reserved 1114112K
  class space    used 11220K, capacity 11365K, committed 11392K, reserved 1048576K
}

